254250
-368875
-220511 254250
-220511 8316 254250 575491
-220511 8316 254250 575491
-220511 8316 254250 575491
-607245 -215524 735339
-89700 998691
-89700 998691
-220511 8316 254250 575491
-607245 -215524 686220 735339 764379
-850243 -623677 -618675 -404103 178073 227800 358936 427489
-300801 -79399 551020
-300801 -79399 551020
-607245 -476627 -243551 -215524 -197882 64435 216456 581496 686220 735339 764379
-715821 -220511 8316 48283 747365 878975 941789
-850243 -623677 -618675 -404103 -278219 20478 178073 227800 358936 427489 815542
-607245 -476627 -243551 -215524 -197882 64435 216456 581496 686220 735339 764379
-850243 -623677 -404103 -278219 20478 178073 227800 358936 427489 815542
-607245 -535950 -476627 -297855 -243551 -215524 -197882 64435 216456 581496 686220 735339 764379
-607245 -535950 -476627 -297855 -243551 -215524 -197882 -87185 64435 216456 581496 686220 735339 764379 983752
-363612 -74482 551020 674407 695942 699967 757568 957370
-741773 -607245 -535950 -476627 -297855 -243551 -215524 -197882 -87185 216456 402494 581496 686220 705132 735339 764379 983752
-363612 -74482 -33469 528943 551020 674407 695942 699967 757568 957370
-363612 -215581 -74482 -33469 498215 528943 551020 674407 695942 699967 757568 957370
-741773 -650267 -607245 -535950 -476627 -332235 -297855 -215524 -197882 -87185 216456 273971 402494 414058 581496 686220 735339 764379 983752
-638084 -363612 -215581 -161959 -127521 -81541 -74482 -33469 498215 528943 551020 674407 695942 699967 757568 957370
-905260 -790247 -749431 -618107 -608316 -590987 -482242 -473606 -329605 -250976 -83074 15507 128573 196864 320595 771272 824918 868557 984730
-644207 -623677 -404103 -340024 -278219 -271646 -67697 20478 178073 227800 358936 427489 626033 784324 815542 854362
-715821 -653403 -651817 -635008 -486591 -459161 -388165 -367942 -339073 -220511 -55775 8316 48283 163128 563627 878975
-715821 -653403 -651817 -635008 -486591 -459161 -388165 -367942 -339073 -220511 -55775 8316 48283 163128 563627 878975
-905260 -790247 -749431 -653987 -618107 -608316 -482242 -473606 -329605 -250976 -83074 15507 128573 196864 320595 480358 709788 771272 824918 868557 984730
-905260 -790247 -749431 -653987 -618107 -608316 -482242 -473606 -329605 -250976 -83074 15507 128573 196864 320595 480358 709788 771272 824918 868557 984730
-715821 -653403 -651817 -635008 -486591 -459161 -388165 -367942 -339073 -220511 -55775 8316 48283 163128 422098 563627 878975
null
-638084 -499482 -490192 -479124 -470613 -374372 -363612 -297516 -242449 -215581 -161959 -127521 -74482 175805 182927 263085 498215 528943 674407 695942 699967 757568 878302 880592 957370
-905260 -790247 -749431 -653987 -618107 -608316 -605492 -588309 -482242 -473606 -329605 -310629 -250976 -83074 15507 128573 146241 196864 320595 480358 709788 771272 816178 824918 868557
-814818 -741773 -650267 -535950 -476627 -457517 -411615 -410100 -353240 -332235 -297855 -215524 -97457 85371 216456 273971 402494 414058 485070 500490 581496 651948 686220 735339 764379 981453 983752
-814818 -741773 -650267 -535950 -476627 -457517 -411615 -410100 -353240 -332235 -297855 -215524 -97457 85371 216456 273971 402494 414058 485070 500490 581496 651948 686220 735339 764379 903341 931529 981453 983752
-881598 -860017 -699636 -644207 -623677 -481422 -404103 -340024 -278219 -271646 -67697 20478 178073 213311 227800 417814 427489 428243 626033 632127 784324 815542
-814818 -741773 -650267 -535950 -457517 -411615 -410100 -353240 -332235 -297855 -215524 -97457 85371 87242 216456 273971 313435 402494 414058 485070 500490 581496 651948 686220 735339 764379 903341 931529 981453 983752
-967547 -896701 -638084 -575651 -540521 -499482 -490192 -479124 -470613 -386747 -374372 -363612 -297516 -215581 -210051 -127521 -74482 121768 175805 182927 204615 263085 431351 498215 674407 695942 699967 757568 878302 880592 957370
-967547 -896701 -638084 -575651 -540521 -499482 -490192 -479124 -470613 -386747 -374372 -363612 -297516 -215581 -210051 -127521 -74482 121768 175805 182927 204615 263085 431351 498215 674407 695942 699967 757568 878302 880592 957370
-881598 -860017 -699636 -644207 -623677 -602385 -481422 -404103 -340024 -278219 -271646 -262881 -67697 20478 178073 213311 227800 417814 427489 428243 626033 632127 743489 784324 815542
-967547 -896701 -638084 -575651 -540521 -499482 -490192 -479124 -470613 -386747 -374372 -363612 -297516 -215581 -210051 -127521 -74482 121768 175805 182927 204615 263085 394896 431351 498215 674407 695942 699967 757568 878302 880592 957370
-881598 -860017 -699636 -644207 -623677 -602385 -481422 -404103 -340024 -278219 -271646 -262881 -67697 20478 178073 213311 227800 417814 427489 428243 626033 632127 743489 784324 815542
-951115 -798998 -715821 -651817 -648317 -635008 -543323 -537259 -486591 -459161 -388165 -367942 -339073 -310678 -242345 -220511 -91711 -55775 724 8316 48283 57463 115286 252376 281424 376289 422098 563627 766383 878975 930058 967511
-923207 -815921 -814818 -814269 -741773 -705359 -650267 -535950 -496699 -457517 -411615 -410100 -366924 -353240 -332235 -297855 -215524 -97457 85371 87242 105117 216456 217272 273971 313435 402494 414058 476347 485070 500490 581496 651948 686220 704187 729323 735339 764379 903341 931529 981453 983752
-923207 -815921 -814818 -814269 -741773 -705359 -650267 -535950 -496699 -457517 -411615 -410100 -366924 -353240 -332235 -297855 -215524 -97457 85371 87242 105117 216456 217272 273971 313435 402494 414058 476347 485070 500490 581496 651948 686220 704187 729323 735339 764379 903341 931529 981453 983752
-951115 -798998 -715821 -651817 -648317 -635008 -543323 -537259 -486591 -459161 -388165 -367942 -339073 -310678 -242345 -220511 -91711 -55775 724 8316 48283 57463 115286 252376 281424 376289 422098 563627 878975 930058 967511
-923207 -815921 -814818 -814269 -741773 -705359 -650267 -535950 -496699 -457517 -411615 -410100 -366924 -353240 -332235 -297855 -215524 -97457 85371 87242 105117 216456 217272 273971 313435 402494 414058 476347 485070 500490 651948 686220 704187 729323 735339 764379 903341 931529 981453 983752
-975232 -951115 -798998 -715821 -651817 -648317 -635008 -575668 -543323 -537259 -486591 -459161 -388165 -367942 -339073 -310678 -242345 -220511 -91711 -55775 724 8316 48283 57463 115286 252376 281424 376289 422098 563627 796676 878975 930058 967511
-981591 -967547 -896701 -638084 -575651 -540521 -499482 -490192 -479124 -470613 -419687 -374372 -363612 -297516 -215581 -210051 -127521 -74482 121768 175805 182927 204615 263085 393626 394896 431351 498215 674163 674407 695942 699967 757568 818415 878302 880592 957370
-919262 -905260 -890632 -814637 -790247 -749431 -653987 -608316 -605492 -588309 -527015 -482242 -357396 -329605 -326908 -250976 -83074 -63516 15507 20495 128573 146241 161834 196864 288381 293722 306708 320595 422440 480358 528576 540430 597483 604958 638161 709788 771272 824918 868557 943769 980911
-919262 -905260 -890632 -814637 -790247 -749431 -653987 -608316 -605492 -588309 -527015 -482242 -372486 -357396 -329605 -326908 -250976 -83074 -63516 15507 20495 128573 146241 161834 196864 288381 293722 306708 320595 422440 480358 528576 540430 597483 604958 638161 709788 771272 824918 868557 943769 980911
-923207 -815921 -814818 -814269 -741773 -705359 -650267 -582696 -535950 -457517 -411615 -410100 -366924 -353240 -332235 -297855 -215524 -97457 85371 85868 87242 105117 216456 217272 273971 282147 313435 353912 372320 402494 414058 476347 485070 500490 553268 564850 651948 686220 704187 729323 735339 764379 903341 931529 981453 983752
-982905 -919262 -905260 -890632 -877576 -814637 -790247 -749431 -653987 -608316 -605492 -588309 -527015 -482242 -372486 -357396 -329605 -326908 -250976 -83074 -63516 15507 20495 128573 146241 161834 196864 288381 293722 306708 320595 422440 465023 480358 528576 540430 597483 604958 638161 709788 771272 824918 868557 943769 980911
-982905 -919262 -905260 -890632 -877576 -814637 -790247 -749431 -653987 -608316 -605492 -588309 -527015 -482242 -372486 -357396 -329605 -326908 -250976 -83074 -63516 15507 20495 128573 146241 161834 196864 288381 293722 306708 320595 422440 465023 480358 528576 540430 597483 604958 638161 709788 771272 824918 868557 943769 980911
-938801 -897678 -881598 -774847 -699636 -644207 -602385 -601425 -531880 -509169 -481422 -404103 -340024 -278219 -262881 -172032 -136356 -67697 20478 178073 215423 227800 306594 427489 428243 535847 542123 626033 632127 682088 743489 784324 815542 830965
-982905 -919262 -905260 -890632 -877576 -814637 -790247 -749431 -653987 -608316 -605492 -527015 -482242 -372486 -357396 -329605 -326908 -250976 -243168 -83074 -63516 15507 128573 146241 161834 196864 288381 293722 306708 320595 422440 465023 480358 528576 540430 597483 604958 638161 709788 739656 771272 824918 868557 943769 980911
-951115 -770277 -715821 -648317 -635008 -575668 -543323 -537259 -486591 -459161 -388165 -367942 -339073 -310678 -242345 -236501 -220511 -130922 -91711 -55775 724 8316 48283 57463 115286 125047 252376 281424 376289 422098 796676 878975 930058 991449
-919262 -905260 -890632 -877576 -814637 -790247 -749431 -653987 -608316 -605492 -527015 -482242 -372486 -357396 -329605 -326908 -250976 -249107 -243168 -83074 -63516 15507 128573 146241 161834 177876 196864 288381 293722 306708 320595 324168 422440 465023 480358 528576 540430 597483 604958 638161 709788 739656 771272 824918 868557 943769 980911
-938801 -897678 -881598 -774847 -699636 -602385 -601425 -531880 -509169 -481422 -404103 -340024 -278219 -262881 -172032 -136356 -67697 20478 46074 55226 178073 215423 227800 306594 428243 535847 542123 626033 632127 682088 743489 784324 815542 830965
-919262 -905260 -890632 -877576 -814637 -790247 -749431 -653987 -608316 -605492 -527015 -482242 -372486 -357396 -329605 -326908 -250976 -249107 -243168 -83074 -63516 15507 128573 146241 161834 177876 196864 288381 293722 296002 306708 320595 324168 422440 465023 480358 528576 540430 597483 604958 638161 709788 739656 771272 824918 868557 943769 980911
-978936 -919262 -905260 -890632 -877576 -814637 -790247 -749431 -653987 -608316 -605492 -527015 -482242 -357396 -329605 -326908 -250976 -249107 -243168 -83074 -63516 15507 128573 146241 161834 177876 196864 288381 293722 296002 306708 320595 324168 422440 465023 480358 499039 540430 597483 604958 638161 674462 709788 739656 771272 824918 868557 903746 943769 980911
-923207 -815921 -814818 -814269 -741773 -705359 -671292 -650267 -582696 -535950 -527845 -457517 -411615 -410100 -389080 -366924 -353240 -332235 -297855 -215524 -109396 -97457 85371 85868 87242 105117 151831 216456 217272 273971 282147 313435 353912 372320 402494 412487 414058 476347 485070 500490 553268 651948 656761 686220 704187 729323 735339 764379 903341 931529 981453 983752
-923207 -815921 -814818 -814269 -741773 -705359 -671292 -650267 -582696 -535950 -527845 -457517 -411615 -410100 -389080 -366924 -353240 -332235 -297855 -215524 -109396 -97457 85371 85868 87242 105117 151831 216456 217272 273971 282147 313435 353912 372320 402494 412487 414058 476347 485070 500490 553268 651948 656761 686220 704187 729323 735339 764379 903341 931529 981453 983752
-978936 -919262 -905260 -890632 -877576 -814637 -790247 -749431 -653987 -608316 -605492 -587033 -527015 -482242 -376287 -357396 -329605 -326908 -250976 -249107 -243168 -83074 -63516 15507 128573 146241 161834 177876 196864 288381 293722 296002 306708 320595 324168 422440 465023 480358 481122 499039 540430 597483 604958 638161 674462 709788 739656 771272 824918 868557 903746 943769 980911
-923207 -815921 -814818 -814269 -741773 -705359 -671292 -650267 -582696 -535950 -527845 -457517 -411615 -410100 -389080 -366924 -353240 -332235 -297855 -215524 -109396 -97457 -1875 85371 85868 87242 105117 151831 216456 217272 273971 282147 313435 353912 372320 402494 412487 414058 476347 485070 500490 527395 553268 577613 656761 686220 695522 704187 729323 735339 764379 903341 931529 981453 983752
-923207 -815921 -814818 -814269 -741773 -705359 -671292 -650267 -582696 -535950 -527845 -457517 -411615 -410100 -389080 -366924 -353240 -332235 -297855 -215524 -109396 -97457 -1875 85371 85868 87242 105117 151831 216456 217272 273971 282147 313435 353912 372320 402494 412487 414058 476347 485070 500490 527395 553268 577613 656761 686220 695522 704187 729323 735339 764379 903341 931529 981453 983752
-978936 -919262 -905260 -890632 -877576 -814637 -790247 -749431 -653987 -608316 -605492 -587033 -527015 -482242 -376287 -357396 -329605 -326908 -250976 -249107 -243168 -83074 -63516 15507 128573 146241 161834 177876 196864 288381 293722 296002 306708 320595 324168 389200 422440 465023 480358 481122 499039 540430 597483 604958 638161 674462 709788 771272 824918 868557 903746 943769 980911
-978936 -919262 -905260 -890632 -877576 -814637 -790247 -749431 -653987 -608316 -605492 -587033 -527015 -482242 -376287 -357396 -329605 -326908 -250976 -249107 -243168 -83074 -63516 15507 128573 135803 146241 161834 177876 196864 288381 293722 296002 306708 320595 324168 389200 422440 465023 480358 481122 499039 540430 597483 604958 638161 674462 709788 771272 824918 868557 903746 943769 980911
-923207 -815921 -814818 -814269 -741773 -705359 -671292 -650267 -582696 -535950 -527845 -457517 -411615 -410100 -389080 -366924 -353240 -332235 -297855 -215524 -109396 -97457 -1875 85371 85868 87242 105117 151831 216456 217272 273971 282147 313435 353912 372320 402494 412487 414058 476347 485070 500490 527395 553268 577613 656761 686220 695522 704187 729323 735339 764379 903341 931529 964846 981453 983752
-981591 -967547 -938349 -934532 -896701 -638084 -575651 -540521 -499482 -490192 -479124 -470613 -419687 -374372 -363612 -344483 -297516 -210051 -127521 -74482 -66025 -50596 105930 107912 153652 169533 175805 182927 204615 263085 393626 394896 431351 498215 519315 589449 674163 674407 699967 757568 818415 880592 924361 957370
-923207 -815921 -814818 -814269 -741773 -705359 -671292 -650267 -582696 -535950 -527845 -457517 -411615 -410100 -389080 -366924 -353240 -332235 -297855 -215524 -109396 -97457 -1875 85371 85868 87242 105117 151831 216456 217272 273971 282147 313435 353912 372320 402494 412487 414058 476347 485070 500490 527395 553268 577613 656761 686220 695522 704187 729323 735339 764379 903341 931529 964846 981453 983752
-951115 -785428 -770277 -715821 -648317 -635008 -567559 -543323 -537259 -514220 -486591 -462015 -439648 -367942 -310678 -242345 -236501 -220511 -216081 -91711 -55775 8316 48283 57463 125047 252376 281424 376289 422098 796676 831402 878975 930058 991449
-978936 -905260 -890632 -877576 -814637 -790247 -749431 -715927 -653987 -608316 -605492 -587033 -527015 -482242 -376287 -357396 -329605 -326908 -250976 -249107 -243168 -83074 -63516 15507 128573 146241 161834 177876 196864 288381 293722 296002 306708 320595 324168 389200 422440 465023 480358 481122 499039 540430 597483 604958 638161 674462 709788 736867 771272 824918 868557 903746 980911
-897678 -881598 -774847 -699636 -602385 -601425 -556289 -531880 -525595 -509169 -481422 -468542 -340024 -172032 -67697 -11781 20478 46074 55226 215423 227800 306594 428243 535847 542123 626033 682088 743489 784324 815542 830965 985743
-923207 -814818 -814269 -741773 -705359 -671292 -650267 -582696 -535950 -527845 -410100 -389080 -366924 -353240 -332235 -297855 -215524 -118636 -97457 -1875 85371 85868 87277 105117 151831 162146 216456 217272 282147 313435 353912 372320 412487 414058 476347 485070 527395 553268 555384 577613 648530 656761 695522 704187 729323 735339 903341 931529 964846 981453
-897678 -774847 -699636 -602385 -601425 -556289 -531880 -525595 -509169 -481422 -468542 -340024 -172032 -67697 -11781 20478 46074 55226 215423 227800 306594 428243 535847 542123 626033 682088 743489 784324 815542 830965 985743
-981591 -896701 -710678 -540521 -490192 -479124 -470613 -419687 -374372 -363612 -344483 -297516 -268924 -210051 -74482 -50596 105930 182927 204615 263085 393626 394896 431351 498215 519315 674163 757568 818415 880592 924361
-923207 -814818 -814269 -741773 -705359 -650267 -535950 -527845 -410100 -389080 -366924 -353240 -332235 -297855 -215524 -97457 -1875 85371 85868 87277 105117 125203 162146 217272 282147 313435 353912 372320 412487 414058 485070 527395 553268 555384 577613 648530 656761 695522 704187 729323 735339 903341 964846 981453
-978936 -905260 -877576 -814637 -749431 -715927 -653987 -608316 -605492 -587033 -527015 -482242 -376287 -329605 -250976 -216479 -63516 -50046 15507 161834 229546 288381 296002 306708 320595 389200 422440 465023 481122 631818 649871 709788 736867 903746 980911
-821753 -770277 -715821 -635008 -567559 -543323 -537259 -514220 -486591 -439648 -367942 -342981 -236501 -220511 -216081 -91711 -55775 48283 57463 252376 376289 831402 892633 991449
-821753 -770277 -715821 -635008 -567559 -543323 -537259 -514220 -486591 -439648 -367942 -342981 -236501 -220511 -216081 -91711 -55775 48283 57463 252376 376289 831402 892633 991449
-905260 -877576 -814637 -749431 -715927 -653987 -608316 -605492 -587033 -527015 -482242 -376287 -329605 -250976 -216479 -63516 -50046 15507 161834 229546 288381 306708 320595 389200 422440 465023 481122 631818 649871 709788 736867 903746 980911
-905260 -814637 -749431 -715927 -653987 -608316 -605492 -587033 -527015 -482242 -376287 -329605 -250976 -216479 -50046 15507 161834 229546 288381 306708 320595 389200 422440 465023 481122 631818 649871 709788 736867 903746 980911
-821753 -770277 -715821 -635008 -567559 -543323 -537259 -514220 -439648 -367942 -342981 -236501 -220511 -216081 -91711 -55775 48283 57463 252376 369984 376289 831402 892633 991449
-923207 -814269 -741773 -705359 -535950 -527845 -523594 -366924 -353240 -297855 -247758 -215524 -97457 -1875 85371 85868 105117 125203 162146 217272 353912 372320 414058 485070 514239 527395 553268 555384 577613 648530 656761 695522 704187 729323 735339 903341 938335 981453
-897678 -774847 -699636 -602385 -601425 -556289 -531880 -525595 -509169 -481422 -468542 -340024 -159224 -67697 20478 46074 55226 227800 428243 542123 626033 682088 784324 830965
-923207 -814269 -741773 -705359 -535950 -527845 -523594 -366924 -353240 -297855 -247758 -215524 -97457 -1875 85371 85868 105117 125203 162146 217272 353912 372320 414058 485070 514239 527395 553268 555384 577613 648530 656761 695522 704187 729323 735339 903341 938335 981453
-981591 -896701 -710678 -479124 -470613 -419687 -374372 -363612 -210051 105930 182927 204615 263085 393626 394896 431351 519315 674163 731212 757568 880592
-923207 -878057 -814269 -741773 -705359 -535950 -527845 -523594 -366924 -353240 -247758 -215524 -97457 -1875 85371 85868 105117 125203 162146 217272 353912 372320 414058 485070 514239 553268 555384 577613 656761 695522 704187 729323 735339 903341 938335 981453
-923207 -878057 -814269 -741773 -705359 -535950 -527845 -523594 -366924 -353240 -247758 -215524 -97457 -1875 85371 85868 105117 125203 162146 217272 353912 372320 414058 485070 514239 553268 555384 577613 656761 695522 704187 729323 735339 903341 938335 981453
null
-905260 -749431 -715927 -608316 -605492 -587033 -527015 -482242 -425130 -376287 -329605 229546 288381 320595 389200 422440 465023 481122 631818 649871 709788 903746 980911
-916533 -821753 -770277 -764874 -762063 -715821 -635008 -567559 -543323 -537259 -439648 -401078 -367942 -236501 -220511 -216081 48283 57463 252376 369984 376289 831402 892633 978120 991449
-646236 -516806 -470613 -419687 -363612 -210051 105930 182927 263085 393626 394896 431351 519315 613594 674163 696031 757568 880592
-646236 -516806 -470613 -419687 -363612 -210051 105930 182927 263085 393626 394896 431351 519315 613594 674163 696031 757568 880592
-646236 -516806 -470613 -419687 -363612 -210051 105930 182927 263085 393626 431351 519315 613594 674163 696031 757568 880592
null
-916533 -821753 -762063 -567559 -543323 -537259 -439648 -367942 -236501 -216081 57463 252376 376289 449208
-988896 -897678 -757073 -531880 -509169 -468542 -254701 -159224 20478 428243 542123 550461 626033 784324 830965
-988896 -897678 -757073 -531880 -509169 -254701 -159224 20478 428243 542123 550461 626033 784324 830965
-916533 -821753 -762063 -567559 -537259 -439648 -367942 -236501 -216081 -157303 57463 252376 376289 449208
-988896 -897678 -757073 -531880 -509169 -254701 -159224 20478 428243 542123 550461 626033 784324 830965
-916533 -821753 -762063 -567559 -537259 -439648 -367942 -236501 -216081 -157303 57463 252376 376289 449208
-878057 -814269 -535950 -523594 -366924 -353240 -247758 -97457 85371 85868 105117 125203 353912 372320 485070 514239 553268 656761 695522 773868 981453
-988896 -897678 -757073 -531880 -509169 -254701 428243 550461 626033 784324 830965
-916533 -821753 -762063 -567559 -537259 -439648 -367942 -236501 -216081 -157303 57463 252376 449208
-897678 -576465 -531880 -509169 -507457 428243 784324 830965
-878057 -535950 -366924 -353240 -247758 -97457 85371 85868 105117 125203 353912 372320 514239 553268 656761 695522 773868 981453
-878057 -535950 -366924 -353240 -247758 -97457 85371 85868 105117 353912 372320 514239 553268 656761 695522 773868 981453
-916533 -821753 -762063 -567559 -537259 -439648 -367942 -236501 -216081 -157303 252376 449208 593500
-878057 -535950 -366924 -353240 -247758 -97457 85371 85868 105117 353912 372320 514239 553268 656761 695522 773868 981453
-878057 -535950 -366924 -353240 -247758 -97457 85868 105117 353912 372320 553268 656761 695522 773868 981453
-527015 166116 229546 320595 422440 811915 903746
-878057 -366924 -353240 -247758 -97457 -87354 85868 105117 353912 372320 553268 656761 773868 981453
-897678 -576465 -531880 -507457 428243 830965
null
-980616 -762063 -743067 -567559 -537259 -439648 -367942 -216081 -157303 108127 252376 449208
-878057 -737999 -366924 -247758 -97457 -87354 353912 372320 553268 981453
-560423 -516806 -210051 -194232
-878057 -366924 -247758 353912 372320
-980616 -567559 -439648 -367942 -157303 108127 252376 449208
-980616 -439648 -157303 108127 449208
-980616 -157303 108127
-210051 -194232 576502
-751903 576502
108127 688455
-751903 -436900 576502
null
null
319574
